Flutter crash report.
Please report a bug at https://github.com/flutter/flutter/issues.

## command

flutter --no-color attach --machine --device-id=c1d6d6879904 lib\main.dart

## exception

StateError: Bad state: Future already completed

```
#0      _AsyncCompleter.complete (dart:async/future_impl.dart:43:31)
#1      _rootRun (dart:async/zone.dart:1182:47)
#2      _CustomZone.run (dart:async/zone.dart:1093:19)
#3      _FutureListener.handleWhenComplete (dart:async/future_impl.dart:167:18)
#4      Future._propagateToListeners.handleWhenCompleteCallback (dart:async/future_impl.dart:666:39)
#5      Future._propagateToListeners (dart:async/future_impl.dart:722:37)
#6      Future._completeWithValue (dart:async/future_impl.dart:529:5)
#7      Future._asyncCompleteWithValue.<anonymous closure> (dart:async/future_impl.dart:567:7)
#8      _rootRun (dart:async/zone.dart:1190:13)
#9      _CustomZone.run (dart:async/zone.dart:1093:19)
#10     _CustomZone.runGuarded (dart:async/zone.dart:997:7)
#11     _CustomZone.bindCallbackGuarded.<anonymous closure> (dart:async/zone.dart:1037:23)
#12     _microtaskLoop (dart:async/schedule_microtask.dart:41:21)
#13     _startMicrotaskLoop (dart:async/schedule_microtask.dart:50:5)
#14     _runPendingImmediateCallback (dart:isolate-patch/isolate_patch.dart:120:13)
#15     _RawReceivePortImpl._handleMessage (dart:isolate-patch/isolate_patch.dart:185:5)
```

## flutter doctor

```
[✓] Flutter (Channel beta, 1.24.0-10.2.pre, on Microsoft Windows [Version 10.0.18363.997], locale en-IN)
    • Flutter version 1.24.0-10.2.pre at C:\Flutter\flutter
    • Framework revision 022b333a08 (11 months ago), 2020-11-18 11:35:09 -0800
    • Engine revision 07c1eed46b
    • Dart version 2.12.0 (build 2.12.0-29.10.beta)

[✓] Android toolchain - develop for Android devices (Android SDK version 30.0.2)
    • Android SDK at C:\Users\HP\AppData\Local\Android\sdk
    • Platform android-30, build-tools 30.0.2
    • Java binary at: C:\Program Files\Android\Android Studio\jre\bin\java
    • Java version OpenJDK Runtime Environment (build 1.8.0_242-release-1644-b01)
    • All Android licenses accepted.

[✓] Android Studio (version 4.0)
    • Android Studio at C:\Program Files\Android\Android Studio
    • Flutter plugin version 51.0.1
    • Dart plugin version 193.7547
    • Java version OpenJDK Runtime Environment (build 1.8.0_242-release-1644-b01)

[✓] Connected device (1 available)
    • Redmi Note 4 (mobile) • c1d6d6879904 • android-arm64 • Android 7.0 (API 24)

• No issues found!
```
